<?xml version="1.0" encoding="UTF-8"?>
<testng-results ignored="0" total="1" passed="1" failed="0" skipped="0">
  <reporter-output>
  </reporter-output>
  <suite started-at="2023-12-16T10:15:37 IST" name="Default suite" finished-at="2023-12-16T10:15:50 IST" duration-ms="13594">
    <groups>
    </groups>
    <test started-at="2023-12-16T10:15:37 IST" name="Default test" finished-at="2023-12-16T10:15:50 IST" duration-ms="13594">
      <class name="com.scsnew.ExecuteTestCase">
        <test-method is-config="true" signature="setup()[pri:0, instance:com.scsnew.ExecuteTestCase@5a56cdac]" started-at="2023-12-16T10:15:37 IST" name="setup" finished-at="2023-12-16T10:15:44 IST" duration-ms="7007" status="PASS">
          <reporter-output>
          </reporter-output>
        </test-method> <!-- setup -->
        <test-method signature="f()[pri:0, instance:com.scsnew.ExecuteTestCase@5a56cdac]" started-at="2023-12-16T10:15:44 IST" name="f" finished-at="2023-12-16T10:15:50 IST" duration-ms="5925" status="PASS">
          <reporter-output>
          </reporter-output>
        </test-method> <!-- f -->
        <test-method is-config="true" signature="closeSetup()[pri:0, instance:com.scsnew.ExecuteTestCase@5a56cdac]" started-at="2023-12-16T10:15:50 IST" name="closeSetup" finished-at="2023-12-16T10:15:50 IST" duration-ms="548" status="PASS">
          <reporter-output>
          </reporter-output>
        </test-method> <!-- closeSetup -->
      </class> <!-- com.scsnew.ExecuteTestCase -->
    </test> <!-- Default test -->
  </suite> <!-- Default suite -->
</testng-results>
